-------------------------------------------------------------------------------
Test set: BonusServiceTest
-------------------------------------------------------------------------------
Tests run: 4, Failures: 1, Errors: 0, Skipped: 0, Time elapsed: 0.037 s <<< FAILURE! - in BonusServiceTest
BonusServiceTest.shouldCalculateForNonRegisteredAndOverLimit  Time elapsed: 0.02 s  <<< FAILURE!
org.opentest4j.AssertionFailedError: expected: <10> but was: <500>
	at BonusServiceTest.shouldCalculateForNonRegisteredAndOverLimit(BonusServiceTest.java:67)

